tajdmtt tajdmtu tajdmtv tajdmut tajdmuu tajdmuv tajdmvt tajdmvu tajdmvv tajdntt 
tajdntu tajdntv tajdnut tajdnuu tajdnuv tajdnvt tajdnvu tajdnvv tajdott tajdotu
tajdotv tajdout tajdouu tajdouv tajdovt tajdovu tajdovv tajemtt tajemtu tajemtv
tajemut tajemuu tajemuv tajemvt tajemvu tajemvv tajentt tajentu tajentv tajenut
tajenuu tajenuv tajenvt tajenvu tajenvv tajeott tajeotu tajeotv tajeout tajeouu
tajeouv tajeovt tajeovu tajeovv tajfmtt tajfmtu tajfmtv tajfmut tajfmuu tajfmuv
tajfmvt tajfmvu tajfmvv tajfntt tajfntu tajfntv tajfnut tajfnuu tajfnuv tajfnvt
tajfnvu tajfnvv tajfott tajfotu tajfotv tajfout tajfouu tajfouv tajfovt tajfovu
tajfovv takdmtt takdmtu takdmtv takdmut takdmuu takdmuv takdmvt takdmvu takdmvv
takdntt takdntu takdntv takdnut takdnuu takdnuv takdnvt takdnvu takdnvv takdott
takdotu takdotv takdout takdouu takdouv takdovt takdovu takdovv takemtt takemtu
takemtv takemut takemuu takemuv takemvt takemvu takemvv takentt takentu takentv
takenut takenuu takenuv takenvt takenvu takenvv takeott takeotu takeotv takeout
takeouu takeouv takeovt takeovu takeovv takfmtt takfmtu takfmtv takfmut takfmuu 
takfmuv takfmvt takfmvu takfmvv takfntt takfntu takfntv takfnut takfnuu takfnuv
takfnvt takfnvu takfnvv takfott takfotu takfotv takfout takfouu takfouv takfovt
takfovu takfovv taldmtt taldmtu taldmtv taldmut taldmuu taldmuv taldmvt taldmvu
taldmvv taldntt taldntu taldntv taldnut taldnuu taldnuv taldnvt taldnvu taldnvv
taldott taldotu taldotv taldout taldouu taldouv taldovt taldovu taldovv talemtt
talemtu talemtv talemut talemuu talemuv talemvt talemvu talemvv talentt talentu
talentv talenut talenuu talenuv talenvt talenvu talenvv taleott taleotu taleotv
taleout taleouu taleouv taleovt taleovu taleovv talfmtt talfmtu talfmtv talfmut
talfmuu talfmuv talfmvt talfmvu talfmvv talfntt talfntu talfntv talfnut talfnuu
talfnuv talfnvt talfnvu talfnvv talfott talfotu talfotv talfout talfouu talfouv
talfovt talfovu talfovv tbjdmtt tbjdmtu tbjdmtv tbjdmut tbjdmuu tbjdmuv tbjdmvt
tbjdmvu tbjdmvv tbjdntt tbjdntu tbjdntv tbjdnut tbjdnuu tbjdnuv tbjdnvt tbjdnvu 
tbjdnvv tbjdott tbjdotu tbjdotv tbjdout tbjdouu tbjdouv tbjdovt tbjdovu tbjdovv
tbjemtt tbjemtu tbjemtv tbjemut tbjemuu tbjemuv tbjemvt tbjemvu tbjemvv tbjentt
tbjentu tbjentv tbjenut tbjenuu tbjenuv tbjenvt tbjenvu tbjenvv tbjeott tbjeotu
tbjeotv tbjeout tbjeouu tbjeouv tbjeovt tbjeovu tbjeovv tbjfmtt tbjfmtu tbjfmtv
tbjfmut tbjfmuu tbjfmuv tbjfmvt tbjfmvu tbjfmvv tbjfntt tbjfntu tbjfntv tbjfnut
tbjfnuu tbjfnuv tbjfnvt tbjfnvu tbjfnvv tbjfott tbjfotu tbjfotv tbjfout tbjfouu
tbjfouv tbjfovt tbjfovu tbjfovv tbkdmtt tbkdmtu tbkdmtv tbkdmut tbkdmuu tbkdmuv
tbkdmvt tbkdmvu tbkdmvv tbkdntt tbkdntu tbkdntv tbkdnut tbkdnuu tbkdnuv tbkdnvt
tbkdnvu tbkdnvv tbkdott tbkdotu tbkdotv tbkdout tbkdouu tbkdouv tbkdovt tbkdovu
tbkdovv tbkemtt tbkemtu tbkemtv tbkemut tbkemuu tbkemuv tbkemvt tbkemvu tbkemvv
tbkentt tbkentu tbkentv tbkenut tbkenuu tbkenuv tbkenvt tbkenvu tbkenvv tbkeott
tbkeotu tbkeotv tbkeout tbkeouu tbkeouv tbkeovt tbkeovu tbkeovv tbkfmtt tbkfmtu
tbkfmtv tbkfmut tbkfmuu tbkfmuv tbkfmvt tbkfmvu tbkfmvv tbkfntt tbkfntu tbkfntv
tbkfnut tbkfnuu tbkfnuv tbkfnvt tbkfnvu tbkfnvv tbkfott tbkfotu tbkfotv tbkfout
tbkfouu tbkfouv tbkfovt tbkfovu tbkfovv tbldmtt tbldmtu tbldmtv tbldmut tbldmuu
tbldmuv tbldmvt tbldmvu tbldmvv tbldntt tbldntu tbldntv tbldnut tbldnuu tbldnuv
tbldnvt tbldnvu tbldnvv tbldott tbldotu tbldotv tbldout tbldouu tbldouv tbldovt
tbldovu tbldovv tblemtt tblemtu tblemtv tblemut tblemuu tblemuv tblemvt tblemvu
tblemvv tblentt tblentu tblentv tblenut tblenuu tblenuv tblenvt tblenvu tblenvv
tbleott tbleotu tbleotv tbleout tbleouu tbleouv tbleovt tbleovu tbleovv tblfmtt
tblfmtu tblfmtv tblfmut tblfmuu tblfmuv tblfmvt tblfmvu tblfmvv tblfntt tblfntu
tblfntv tblfnut tblfnuu tblfnuv tblfnvt tblfnvu tblfnvv tblfott tblfotu tblfotv
tblfout tblfouu tblfouv tblfovt tblfovu tblfovv tcjdmtt tcjdmtu tcjdmtv tcjdmut 
tcjdmuu tcjdmuv tcjdmvt tcjdmvu tcjdmvv tcjdntt tcjdntu tcjdntv tcjdnut tcjdnuu
tcjdnuv tcjdnvt tcjdnvu tcjdnvv tcjdott tcjdotu tcjdotv tcjdout tcjdouu tcjdouv
tcjdovt tcjdovu tcjdovv tcjemtt tcjemtu tcjemtv tcjemut tcjemuu tcjemuv tcjemvt
tcjemvu tcjemvv tcjentt tcjentu tcjentv tcjenut tcjenuu tcjenuv tcjenvt tcjenvu
tcjenvv tcjeott tcjeotu tcjeotv tcjeout tcjeouu tcjeouv tcjeovt tcjeovu tcjeovv
tcjfmtt tcjfmtu tcjfmtv tcjfmut tcjfmuu tcjfmuv tcjfmvt tcjfmvu tcjfmvv tcjfntt
tcjfntu tcjfntv tcjfnut tcjfnuu tcjfnuv tcjfnvt tcjfnvu tcjfnvv tcjfott tcjfotu
tcjfotv tcjfout tcjfouu tcjfouv tcjfovt tcjfovu tcjfovv tckdmtt tckdmtu tckdmtv
tckdmut tckdmuu tckdmuv tckdmvt tckdmvu tckdmvv tckdntt tckdntu tckdntv tckdnut
tckdnuu tckdnuv tckdnvt tckdnvu tckdnvv tckdott tckdotu tckdotv tckdout tckdouu
tckdouv tckdovt tckdovu tckdovv tckemtt tckemtu tckemtv tckemut tckemuu tckemuv
tckemvt tckemvu tckemvv tckentt tckentu tckentv tckenut tckenuu tckenuv tckenvt
tckenvu tckenvv tckeott tckeotu tckeotv tckeout tckeouu tckeouv tckeovt tckeovu
tckeovv tckfmtt tckfmtu tckfmtv tckfmut tckfmuu tckfmuv tckfmvt tckfmvu tckfmvv
tckfntt tckfntu tckfntv tckfnut tckfnuu tckfnuv tckfnvt tckfnvu tckfnvv tckfott
tckfotu tckfotv tckfout tckfouu tckfouv tckfovt tckfovu tckfovv tcldmtt tcldmtu
tcldmtv tcldmut tcldmuu tcldmuv tcldmvt tcldmvu tcldmvv tcldntt tcldntu tcldntv
tcldnut tcldnuu tcldnuv tcldnvt tcldnvu tcldnvv tcldott tcldotu tcldotv tcldout
tcldouu tcldouv tcldovt tcldovu tcldovv tclemtt tclemtu tclemtv tclemut tclemuu
tclemuv tclemvt tclemvu tclemvv tclentt tclentu tclentv tclenut tclenuu tclenuv
tclenvt tclenvu tclenvv tcleott tcleotu tcleotv tcleout tcleouu tcleouv tcleovt
tcleovu tcleovv tclfmtt tclfmtu tclfmtv tclfmut tclfmuu tclfmuv tclfmvt tclfmvu
tclfmvv tclfntt tclfntu tclfntv tclfnut tclfnuu tclfnuv tclfnvt tclfnvu tclfnvv
tclfott tclfotu tclfotv tclfout tclfouu tclfouv tclfovt tclfovu tclfovv uajdmtt
uajdmtu uajdmtv uajdmut uajdmuu uajdmuv uajdmvt uajdmvu uajdmvv uajdntt uajdntu
uajdntv uajdnut uajdnuu uajdnuv uajdnvt uajdnvu uajdnvv uajdott uajdotu uajdotv
uajdout uajdouu uajdouv uajdovt uajdovu uajdovv uajemtt uajemtu uajemtv uajemut
uajemuu uajemuv uajemvt uajemvu uajemvv uajentt uajentu uajentv uajenut uajenuu
uajenuv uajenvt uajenvu uajenvv uajeott uajeotu uajeotv uajeout uajeouu uajeouv
uajeovt uajeovu uajeovv uajfmtt uajfmtu uajfmtv uajfmut uajfmuu uajfmuv uajfmvt
uajfmvu uajfmvv uajfntt uajfntu uajfntv uajfnut uajfnuu uajfnuv uajfnvt uajfnvu
uajfnvv uajfott uajfotu uajfotv uajfout uajfouu uajfouv uajfovt uajfovu uajfovv
uakdmtt uakdmtu uakdmtv uakdmut uakdmuu uakdmuv uakdmvt uakdmvu uakdmvv uakdntt
uakdntu uakdntv uakdnut uakdnuu uakdnuv uakdnvt uakdnvu uakdnvv uakdott uakdotu
uakdotv uakdout uakdouu uakdouv uakdovt uakdovu uakdovv uakemtt uakemtu uakemtv
uakemut uakemuu uakemuv uakemvt uakemvu uakemvv uakentt uakentu uakentv uakenut
uakenuu uakenuv uakenvt uakenvu uakenvv uakeott uakeotu uakeotv uakeout uakeouu
uakeouv uakeovt uakeovu uakeovv uakfmtt uakfmtu uakfmtv uakfmut uakfmuu uakfmuv
uakfmvt uakfmvu uakfmvv uakfntt uakfntu uakfntv uakfnut uakfnuu uakfnuv uakfnvt 
uakfnvu uakfnvv uakfott uakfotu uakfotv uakfout uakfouu uakfouv uakfovt uakfovu
uakfovv ualdmtt ualdmtu ualdmtv ualdmut ualdmuu ualdmuv ualdmvt ualdmvu ualdmvv
ualdntt ualdntu ualdntv ualdnut ualdnuu ualdnuv ualdnvt ualdnvu ualdnvv ualdott
ualdotu ualdotv ualdout ualdouu ualdouv ualdovt ualdovu ualdovv ualemtt ualemtu
ualemtv ualemut ualemuu ualemuv ualemvt ualemvu ualemvv ualentt ualentu ualentv
ualenut ualenuu ualenuv ualenvt ualenvu ualenvv ualeott ualeotu ualeotv ualeout
ualeouu ualeouv ualeovt ualeovu ualeovv ualfmtt ualfmtu ualfmtv ualfmut ualfmuu
ualfmuv ualfmvt ualfmvu ualfmvv ualfntt ualfntu ualfntv ualfnut ualfnuu ualfnuv
ualfnvt ualfnvu ualfnvv ualfott ualfotu ualfotv ualfout ualfouu ualfouv ualfovt
ualfovu ualfovv ubjdmtt ubjdmtu ubjdmtv ubjdmut ubjdmuu ubjdmuv ubjdmvt ubjdmvu
ubjdmvv ubjdntt ubjdntu ubjdntv ubjdnut ubjdnuu ubjdnuv ubjdnvt ubjdnvu ubjdnvv
ubjdott ubjdotu ubjdotv ubjdout ubjdouu ubjdouv ubjdovt ubjdovu ubjdovv ubjemtt
ubjemtu ubjemtv ubjemut ubjemuu ubjemuv ubjemvt ubjemvu ubjemvv ubjentt ubjentu
ubjentv ubjenut ubjenuu ubjenuv ubjenvt ubjenvu ubjenvv ubjeott ubjeotu ubjeotv
ubjeout ubjeouu ubjeouv ubjeovt ubjeovu ubjeovv ubjfmtt ubjfmtu ubjfmtv ubjfmut
ubjfmuu ubjfmuv ubjfmvt ubjfmvu ubjfmvv ubjfntt ubjfntu ubjfntv ubjfnut ubjfnuu
ubjfnuv ubjfnvt ubjfnvu ubjfnvv ubjfott ubjfotu ubjfotv ubjfout ubjfouu ubjfouv
ubjfovt ubjfovu ubjfovv ubkdmtt ubkdmtu ubkdmtv ubkdmut ubkdmuu ubkdmuv ubkdmvt
ubkdmvu ubkdmvv ubkdntt ubkdntu ubkdntv ubkdnut ubkdnuu ubkdnuv ubkdnvt ubkdnvu
ubkdnvv ubkdott ubkdotu ubkdotv ubkdout ubkdouu ubkdouv ubkdovt ubkdovu ubkdovv
ubkemtt ubkemtu ubkemtv ubkemut ubkemuu ubkemuv ubkemvt ubkemvu ubkemvv ubkentt
ubkentu ubkentv ubkenut ubkenuu ubkenuv ubkenvt ubkenvu ubkenvv ubkeott ubkeotu
ubkeotv ubkeout ubkeouu ubkeouv ubkeovt ubkeovu ubkeovv ubkfmtt ubkfmtu ubkfmtv
ubkfmut ubkfmuu ubkfmuv ubkfmvt ubkfmvu ubkfmvv ubkfntt ubkfntu ubkfntv ubkfnut
ubkfnuu ubkfnuv ubkfnvt ubkfnvu ubkfnvv ubkfott ubkfotu ubkfotv ubkfout ubkfouu
ubkfouv ubkfovt ubkfovu ubkfovv ubldmtt ubldmtu ubldmtv ubldmut ubldmuu ubldmuv
ubldmvt ubldmvu ubldmvv ubldntt ubldntu ubldntv ubldnut ubldnuu ubldnuv ubldnvt
ubldnvu ubldnvv ubldott ubldotu ubldotv ubldout ubldouu ubldouv ubldovt ubldovu
ubldovv ublemtt ublemtu ublemtv ublemut ublemuu ublemuv ublemvt ublemvu ublemvv
ublentt ublentu ublentv ublenut ublenuu ublenuv ublenvt ublenvu ublenvv ubleott
ubleotu ubleotv ubleout ubleouu ubleouv ubleovt ubleovu ubleovv ublfmtt ublfmtu
ublfmtv ublfmut ublfmuu ublfmuv ublfmvt ublfmvu ublfmvv ublfntt ublfntu ublfntv
ublfnut ublfnuu ublfnuv ublfnvt ublfnvu ublfnvv ublfott ublfotu ublfotv ublfout
ublfouu ublfouv ublfovt ublfovu ublfovv ucjdmtt ucjdmtu ucjdmtv ucjdmut ucjdmuu
ucjdmuv ucjdmvt ucjdmvu ucjdmvv ucjdntt ucjdntu ucjdntv ucjdnut ucjdnuu ucjdnuv
ucjdnvt ucjdnvu ucjdnvv ucjdott ucjdotu ucjdotv ucjdout ucjdouu ucjdouv ucjdovt
ucjdovu ucjdovv ucjemtt ucjemtu ucjemtv ucjemut ucjemuu ucjemuv ucjemvt ucjemvu
ucjemvv ucjentt ucjentu ucjentv ucjenut ucjenuu ucjenuv ucjenvt ucjenvu ucjenvv
ucjeott ucjeotu ucjeotv ucjeout ucjeouu ucjeouv ucjeovt ucjeovu ucjeovv ucjfmtt
ucjfmtu ucjfmtv ucjfmut ucjfmuu ucjfmuv ucjfmvt ucjfmvu ucjfmvv ucjfntt ucjfntu
ucjfntv ucjfnut ucjfnuu ucjfnuv ucjfnvt ucjfnvu ucjfnvv ucjfott ucjfotu ucjfotv
ucjfout ucjfouu ucjfouv ucjfovt ucjfovu ucjfovv uckdmtt uckdmtu uckdmtv uckdmut 
uckdmuu uckdmuv uckdmvt uckdmvu uckdmvv uckdntt uckdntu uckdntv uckdnut uckdnuu
uckdnuv uckdnvt uckdnvu uckdnvv uckdott uckdotu uckdotv uckdout uckdouu uckdouv
uckdovt uckdovu uckdovv uckemtt uckemtu uckemtv uckemut uckemuu uckemuv uckemvt
uckemvu uckemvv uckentt uckentu uckentv uckenut uckenuu uckenuv uckenvt uckenvu
uckenvv uckeott uckeotu uckeotv uckeout uckeouu uckeouv uckeovt uckeovu uckeovv
uckfmtt uckfmtu uckfmtv uckfmut uckfmuu uckfmuv uckfmvt uckfmvu uckfmvv uckfntt
uckfntu uckfntv uckfnut uckfnuu uckfnuv uckfnvt uckfnvu uckfnvv uckfott uckfotu
uckfotv uckfout uckfouu uckfouv uckfovt uckfovu uckfovv ucldmtt ucldmtu ucldmtv
ucldmut ucldmuu ucldmuv ucldmvt ucldmvu ucldmvv ucldntt ucldntu ucldntv ucldnut
ucldnuu ucldnuv ucldnvt ucldnvu ucldnvv ucldott ucldotu ucldotv ucldout ucldouu
ucldouv ucldovt ucldovu ucldovv uclemtt uclemtu uclemtv uclemut uclemuu uclemuv
uclemvt uclemvu uclemvv uclentt uclentu uclentv uclenut uclenuu uclenuv uclenvt
uclenvu uclenvv ucleott ucleotu ucleotv ucleout ucleouu ucleouv ucleovt ucleovu
ucleovv uclfmtt uclfmtu uclfmtv uclfmut uclfmuu uclfmuv uclfmvt uclfmvu uclfmvv
uclfntt uclfntu uclfntv uclfnut uclfnuu uclfnuv uclfnvt uclfnvu uclfnvv uclfott
uclfotu uclfotv uclfout uclfouu uclfouv uclfovt uclfovu uclfovv vajdmtt vajdmtu
vajdmtv vajdmut vajdmuu vajdmuv vajdmvt vajdmvu vajdmvv vajdntt vajdntu vajdntv
vajdnut vajdnuu vajdnuv vajdnvt vajdnvu vajdnvv vajdott vajdotu vajdotv vajdout
vajdouu vajdouv vajdovt vajdovu vajdovv vajemtt vajemtu vajemtv vajemut vajemuu
vajemuv vajemvt vajemvu vajemvv vajentt vajentu vajentv vajenut vajenuu vajenuv
vajenvt vajenvu vajenvv vajeott vajeotu vajeotv vajeout vajeouu vajeouv vajeovt
vajeovu vajeovv vajfmtt vajfmtu vajfmtv vajfmut vajfmuu vajfmuv vajfmvt vajfmvu
vajfmvv vajfntt vajfntu vajfntv vajfnut vajfnuu vajfnuv vajfnvt vajfnvu vajfnvv
vajfott vajfotu vajfotv vajfout vajfouu vajfouv vajfovt vajfovu vajfovv vakdmtt
vakdmtu vakdmtv vakdmut vakdmuu vakdmuv vakdmvt vakdmvu vakdmvv vakdntt vakdntu
vakdntv vakdnut vakdnuu vakdnuv vakdnvt vakdnvu vakdnvv vakdott vakdotu vakdotv
vakdout vakdouu vakdouv vakdovt vakdovu vakdovv vakemtt vakemtu vakemtv vakemut
vakemuu vakemuv vakemvt vakemvu vakemvv vakentt vakentu vakentv vakenut vakenuu
vakenuv vakenvt vakenvu vakenvv vakeott vakeotu vakeotv vakeout vakeouu vakeouv
vakeovt vakeovu vakeovv vakfmtt vakfmtu vakfmtv vakfmut vakfmuu vakfmuv vakfmvt
vakfmvu vakfmvv vakfntt vakfntu vakfntv vakfnut vakfnuu vakfnuv vakfnvt vakfnvu
vakfnvv vakfott vakfotu vakfotv vakfout vakfouu vakfouv vakfovt vakfovu vakfovv
valdmtt valdmtu valdmtv valdmut valdmuu valdmuv valdmvt valdmvu valdmvv valdntt
valdntu valdntv valdnut valdnuu valdnuv valdnvt valdnvu valdnvv valdott valdotu
valdotv valdout valdouu valdouv valdovt valdovu valdovv valemtt valemtu valemtv
valemut valemuu valemuv valemvt valemvu valemvv valentt valentu valentv valenut
valenuu valenuv valenvt valenvu valenvv valeott valeotu valeotv valeout valeouu
valeouv valeovt valeovu valeovv valfmtt valfmtu valfmtv valfmut valfmuu valfmuv
valfmvt valfmvu valfmvv valfntt valfntu valfntv valfnut valfnuu valfnuv valfnvt
valfnvu valfnvv valfott valfotu valfotv valfout valfouu valfouv valfovt valfovu
valfovv vbjdmtt vbjdmtu vbjdmtv vbjdmut vbjdmuu vbjdmuv vbjdmvt vbjdmvu vbjdmvv
vbjdntt vbjdntu vbjdntv vbjdnut vbjdnuu vbjdnuv vbjdnvt vbjdnvu vbjdnvv vbjdott
vbjdotu vbjdotv vbjdout vbjdouu vbjdouv vbjdovt vbjdovu vbjdovv vbjemtt vbjemtu 
vbjemtv vbjemut vbjemuu vbjemuv vbjemvt vbjemvu vbjemvv vbjentt vbjentu vbjentv
vbjenut vbjenuu vbjenuv vbjenvt vbjenvu vbjenvv vbjeott vbjeotu vbjeotv vbjeout
vbjeouu vbjeouv vbjeovt vbjeovu vbjeovv vbjfmtt vbjfmtu vbjfmtv vbjfmut vbjfmuu
vbjfmuv vbjfmvt vbjfmvu vbjfmvv vbjfntt vbjfntu vbjfntv vbjfnut vbjfnuu vbjfnuv
vbjfnvt vbjfnvu vbjfnvv vbjfott vbjfotu vbjfotv vbjfout vbjfouu vbjfouv vbjfovt
vbjfovu vbjfovv vbkdmtt vbkdmtu vbkdmtv vbkdmut vbkdmuu vbkdmuv vbkdmvt vbkdmvu
vbkdmvv vbkdntt vbkdntu vbkdntv vbkdnut vbkdnuu vbkdnuv vbkdnvt vbkdnvu vbkdnvv
vbkdott vbkdotu vbkdotv vbkdout vbkdouu vbkdouv vbkdovt vbkdovu vbkdovv vbkemtt
vbkemtu vbkemtv vbkemut vbkemuu vbkemuv vbkemvt vbkemvu vbkemvv vbkentt vbkentu
vbkentv vbkenut vbkenuu vbkenuv vbkenvt vbkenvu vbkenvv vbkeott vbkeotu vbkeotv
vbkeout vbkeouu vbkeouv vbkeovt vbkeovu vbkeovv vbkfmtt vbkfmtu vbkfmtv vbkfmut
vbkfmuu vbkfmuv vbkfmvt vbkfmvu vbkfmvv vbkfntt vbkfntu vbkfntv vbkfnut vbkfnuu
vbkfnuv vbkfnvt vbkfnvu vbkfnvv vbkfott vbkfotu vbkfotv vbkfout vbkfouu vbkfouv
vbkfovt vbkfovu vbkfovv vbldmtt vbldmtu vbldmtv vbldmut vbldmuu vbldmuv vbldmvt
vbldmvu vbldmvv vbldntt vbldntu vbldntv vbldnut vbldnuu vbldnuv vbldnvt vbldnvu
vbldnvv vbldott vbldotu vbldotv vbldout vbldouu vbldouv vbldovt vbldovu vbldovv
vblemtt vblemtu vblemtv vblemut vblemuu vblemuv vblemvt vblemvu vblemvv vblentt
vblentu vblentv vblenut vblenuu vblenuv vblenvt vblenvu vblenvv vbleott vbleotu
vbleotv vbleout vbleouu vbleouv vbleovt vbleovu vbleovv vblfmtt vblfmtu vblfmtv
vblfmut vblfmuu vblfmuv vblfmvt vblfmvu vblfmvv vblfntt vblfntu vblfntv vblfnut
vblfnuu vblfnuv vblfnvt vblfnvu vblfnvv vblfott vblfotu vblfotv vblfout vblfouu
vblfouv vblfovt vblfovu vblfovv vcjdmtt vcjdmtu vcjdmtv vcjdmut vcjdmuu vcjdmuv
vcjdmvt vcjdmvu vcjdmvv vcjdntt vcjdntu vcjdntv vcjdnut vcjdnuu vcjdnuv vcjdnvt
vcjdnvu vcjdnvv vcjdott vcjdotu vcjdotv vcjdout vcjdouu vcjdouv vcjdovt vcjdovu
vcjdovv vcjemtt vcjemtu vcjemtv vcjemut vcjemuu vcjemuv vcjemvt vcjemvu vcjemvv
vcjentt vcjentu vcjentv vcjenut vcjenuu vcjenuv vcjenvt vcjenvu vcjenvv vcjeott
vcjeotu vcjeotv vcjeout vcjeouu vcjeouv vcjeovt vcjeovu vcjeovv vcjfmtt vcjfmtu
vcjfmtv vcjfmut vcjfmuu vcjfmuv vcjfmvt vcjfmvu vcjfmvv vcjfntt vcjfntu vcjfntv
vcjfnut vcjfnuu vcjfnuv vcjfnvt vcjfnvu vcjfnvv vcjfott vcjfotu vcjfotv vcjfout
vcjfouu vcjfouv vcjfovt vcjfovu vcjfovv vckdmtt vckdmtu vckdmtv vckdmut vckdmuu
vckdmuv vckdmvt vckdmvu vckdmvv vckdntt vckdntu vckdntv vckdnut vckdnuu vckdnuv
vckdnvt vckdnvu vckdnvv vckdott vckdotu vckdotv vckdout vckdouu vckdouv vckdovt
vckdovu vckdovv vckemtt vckemtu vckemtv vckemut vckemuu vckemuv vckemvt vckemvu
vckemvv vckentt vckentu vckentv vckenut vckenuu vckenuv vckenvt vckenvu vckenvv
vckeott vckeotu vckeotv vckeout vckeouu vckeouv vckeovt vckeovu vckeovv vckfmtt
vckfmtu vckfmtv vckfmut vckfmuu vckfmuv vckfmvt vckfmvu vckfmvv vckfntt vckfntu
vckfntv vckfnut vckfnuu vckfnuv vckfnvt vckfnvu vckfnvv vckfott vckfotu vckfotv
vckfout vckfouu vckfouv vckfovt vckfovu vckfovv vcldmtt vcldmtu vcldmtv vcldmut
vcldmuu vcldmuv vcldmvt vcldmvu vcldmvv vcldntt vcldntu vcldntv vcldnut vcldnuu
vcldnuv vcldnvt vcldnvu vcldnvv vcldott vcldotu vcldotv vcldout vcldouu vcldouv 
vcldovt vcldovu vcldovv vclemtt vclemtu vclemtv vclemut vclemuu vclemuv vclemvt
vclemvu vclemvv vclentt vclentu vclentv vclenut vclenuu vclenuv vclenvt vclenvu
vclenvv vcleott vcleotu vcleotv vcleout vcleouu vcleouv vcleovt vcleovu vcleovv
vclfmtt vclfmtu vclfmtv vclfmut vclfmuu vclfmuv vclfmvt vclfmvu vclfmvv vclfntt
vclfntu vclfntv vclfnut vclfnuu vclfnuv vclfnvt vclfnvu vclfnvv vclfott vclfotu
vclfotv vclfout vclfouu vclfouv vclfovt vclfovu vclfovv